<?xml version="1.0" encoding="UTF-8"?>
<!-- Generated by org.testng.reporters.JUnitXMLReporter -->
<testsuite ignored="0" hostname="LAPTOP-A45GL5JI" failures="1" tests="7" name="Functional Test" time="87.011" errors="0" timestamp="2024-04-26T12:16:43 IST">
  <testcase classname="test.HomePageTest" name="verifyHomePageTittle" time="5.696"/>
  <testcase classname="test.HomePageTest" name="verifyUserLoginDate" time="4.162"/>
  <testcase classname="test.LoginPageTest" name="verifyErrorMessageWhileLoggingWithInvalidCredentials" time="1.257"/>
  <testcase classname="test.LoginPageTest" name="verifyErrorMessageWhileLoggingWithInvalidCredentials" time="1.212"/>
  <testcase classname="test.LoginPageTest" name="verifyErrorMessageWhileLoggingWithInvalidCredentials" time="1.25"/>
  <testcase classname="test.LoginPageTest" name="verifyLoginPageTittle" time="0.073"/>
  <testcase classname="test.LoginPageTest" name="verifyUserLoginWithValidCredentials" time="3.959">
    <failure type="java.lang.AssertionError" message="invalid Login details expected [XYZ PQR] but found [Welcome XYZ,]">
      <![CDATA[java.lang.AssertionError: invalid Login details expected [XYZ PQR] but found [Welcome XYZ,]
at test.LoginPageTest.verifyUserLoginWithValidCredentials(LoginPageTest.java:40)
at java.base/java.util.ArrayList.forEach(ArrayList.java:1511)
... Removed 32 stack frames]]>
    </failure>
  </testcase> <!-- verifyUserLoginWithValidCredentials -->
</testsuite> <!-- Functional Test -->
