<?xml version="1.0" encoding="UTF-8"?>
<!-- Generated by org.testng.reporters.JUnitXMLReporter -->
<testsuite ignored="0" hostname="LAPTOP-A45GL5JI" failures="1" tests="16" name="Report Test" time="178.666" errors="0" timestamp="2024-04-30T15:22:00 IST">
  <testcase classname="test.HomePageTest" name="verifyHomePageTittle" time="6.447">
    <failure type="java.lang.AssertionError" message="invalid tittle expected [Home - Maxfest Enterprises PVT LTD,Kochi123] but found [Home - Maxfest Enterprises PVT LTD,Kochi]">
      <![CDATA[java.lang.AssertionError: invalid tittle expected [Home - Maxfest Enterprises PVT LTD,Kochi123] but found [Home - Maxfest Enterprises PVT LTD,Kochi]
at test.HomePageTest.verifyHomePageTittle(HomePageTest.java:28)
at java.base/java.util.ArrayList.forEach(ArrayList.java:1511)
... Removed 32 stack frames]]>
    </failure>
  </testcase> <!-- verifyHomePageTittle -->
  <testcase classname="test.HomePageTest" name="verifyUserLoginDate" time="3.656"/>
  <testcase classname="test.LoginPageTest" name="verifyLoginPageTittle" time="0.089"/>
  <testcase classname="test.LoginPageTest" name="verifyUserLoginWithValidCredentials" time="3.777"/>
  <testcase classname="test.LoginPageTest" name="verifyErrorMessageWhileLoggingWithInvalidCredentials" time="1.157"/>
  <testcase classname="test.LoginPageTest" name="verifyErrorMessageWhileLoggingWithInvalidCredentials" time="1.357"/>
  <testcase classname="test.LoginPageTest" name="verifyErrorMessageWhileLoggingWithInvalidCredentials" time="1.207"/>
  <testcase classname="test.ResetPageTest" name="verifyResetPageTittle" time="0.676"/>
  <testcase classname="test.ResetPageTest" name="verifyErrorMessageWithInvalidEmailid" time="1.485"/>
  <testcase classname="test.UsersPageTest" name="verifyManageUserTittle" time="4.413"/>
  <testcase classname="test.AddUserPageTest" name="verifyAddUserTittle" time="5.892"/>
  <testcase classname="test.AddUserPageTest" name="verifyAddUser" time="10.618"/>
  <testcase classname="test.AddUserPageTest" name="verifyUserLoginWithNewlyAddedUser" time="17.059"/>
  <testcase classname="test.UserManagementPageTest" name="verifyUserManagementOPtionUsers" time="2.813"/>
  <testcase classname="test.UserManagementPageTest" name="verifyUserManagementOPtionRoles" time="2.803"/>
  <testcase classname="test.UserManagementPageTest" name="verifyUserManagementOPtionSales" time="2.698"/>
</testsuite> <!-- Report Test -->
